Using pre-set license
Built from '2020.3/staging' branch; Version is '2020.3.8f1 (507919d4fff5) revision 5273881'; Using compiler version '192528614'; Build Type 'Release'
OS: 'Windows 10 Pro; OS build 19041.928; Version 2004; 64bit' Language: 'fr' Physical Memory: 16341 MB
BatchMode: 1, IsHumanControllingUs: 0, StartBugReporterOnCrash: 0, Is64bit: 1, IsPro: 0

 COMMAND LINE ARGUMENTS:
D:\Program Files\2020.3.8f1\Editor\Unity.exe
-adb2
-batchMode
-noUpm
-name
AssetImportWorker0
-projectPath
D:/UnityProjects/3DU1_BruEliott
-logFile
Logs/AssetImportWorker0.log
-srvPort
56537
Successfully changed project path to: D:/UnityProjects/3DU1_BruEliott
D:/UnityProjects/3DU1_BruEliott
Using Asset Import Pipeline V2.
Refreshing native plugins compatible for Editor in 71.10 ms, found 0 plugins.
Preloading 0 native plugins for Editor in 0.00 ms.
Initialize engine version: 2020.3.8f1 (507919d4fff5)
[Subsystems] Discovering subsystems at path D:/Program Files/2020.3.8f1/Editor/Data/Resources/UnitySubsystems
[Subsystems] Discovering subsystems at path D:/UnityProjects/3DU1_BruEliott/Assets
GfxDevice: creating device client; threaded=0
Direct3D:
    Version:  Direct3D 11.0 [level 11.1]
    Renderer: NVIDIA GeForce GTX 1060 3GB (ID=0x1c02)
    Vendor:   
    VRAM:     2988 MB
    Driver:   27.21.14.5671
Shader 'Universal Render Pipeline/Particles/Lit': fallback shader 'Universal Render Pipeline/Particles/SimpleLit' not found
Initialize mono
Mono path[0] = 'D:/Program Files/2020.3.8f1/Editor/Data/Managed'
Mono path[1] = 'D:/Program Files/2020.3.8f1/Editor/Data/MonoBleedingEdge/lib/mono/unityjit'
Mono config path = 'D:/Program Files/2020.3.8f1/Editor/Data/MonoBleedingEdge/etc'
Using monoOptions --debugger-agent=transport=dt_socket,embedding=1,server=y,suspend=n,address=127.0.0.1:56648
Begin MonoManager ReloadAssembly
Registering precompiled unity dll's ...
Register platform support module: D:/Program Files/2020.3.8f1/Editor/Data/PlaybackEngines/WindowsStandaloneSupport/UnityEditor.WindowsStandalone.Extensions.dll
Registered in 0.001586 seconds.
Native extension for WindowsStandalone target not found
Refreshing native plugins compatible for Editor in 124.38 ms, found 0 plugins.
Preloading 0 native plugins for Editor in 0.00 ms.
Mono: successfully reloaded assembly
- Completed reload, in  1.773 seconds
Platform modules already initialized, skipping
Registering precompiled user dll's ...
Registered in 0.001577 seconds.
Begin MonoManager ReloadAssembly
Native extension for WindowsStandalone target not found
Refreshing native plugins compatible for Editor in 78.67 ms, found 0 plugins.
Preloading 0 native plugins for Editor in 0.00 ms.
Mono: successfully reloaded assembly
- Completed reload, in  1.510 seconds
Platform modules already initialized, skipping
========================================================================
Worker process is ready to serve import requests
Shader 'Universal Render Pipeline/Particles/Lit': fallback shader 'Universal Render Pipeline/Particles/SimpleLit' not found
Launched and connected shader compiler UnityShaderCompiler.exe after 0.37 seconds
Refreshing native plugins compatible for Editor in 0.52 ms, found 0 plugins.
Preloading 0 native plugins for Editor in 0.00 ms.
Unloading 2447 Unused Serialized files (Serialized files now loaded: 0)
System memory in use before: 196.9 MB.
System memory in use after: 194.8 MB.

Unloading 36 unused Assets to reduce memory usage. Loaded Objects now: 2886.
Total: 4.052000 ms (FindLiveObjects: 0.268300 ms CreateObjectMapping: 0.111100 ms MarkObjects: 2.322100 ms  DeleteObjects: 1.348500 ms)

========================================================================
Received Import Request.
  path: Assets/Scripts/TutorielScript.cs
  artifactKey: Guid(fd9b6434df62fc541ae6592376ecc681) Importer(815301076,1909f56bfc062723c751e8b465ee728b)
Start importing Assets/Scripts/TutorielScript.cs using Guid(fd9b6434df62fc541ae6592376ecc681) Importer(815301076,1909f56bfc062723c751e8b465ee728b)  -> (artifact id: '1a850daa05028e316a96f3d99fd38f7b') in 0.075505 seconds
  Import took 0.107586 seconds .

========================================================================
Received Import Request.
  Time since last request: 3.393396 seconds.
  path: Assets/Scripts/PlayerScript.cs
  artifactKey: Guid(ad0e972392ee7624d81f739568f8dc73) Importer(815301076,1909f56bfc062723c751e8b465ee728b)
Start importing Assets/Scripts/PlayerScript.cs using Guid(ad0e972392ee7624d81f739568f8dc73) Importer(815301076,1909f56bfc062723c751e8b465ee728b)  -> (artifact id: 'b416ae1ed6ab223dc6e843e6cfeee139') in 0.035213 seconds
  Import took 0.065341 seconds .

========================================================================
Received Import Request.
  Time since last request: 22.519761 seconds.
  path: Assets/Scripts/PlayerScript.cs
  artifactKey: Guid(ad0e972392ee7624d81f739568f8dc73) Importer(815301076,1909f56bfc062723c751e8b465ee728b)
Start importing Assets/Scripts/PlayerScript.cs using Guid(ad0e972392ee7624d81f739568f8dc73) Importer(815301076,1909f56bfc062723c751e8b465ee728b)  -> (artifact id: 'f9670685eefa8681584482fc5a8275a7') in 0.009859 seconds
  Import took 0.046086 seconds .

========================================================================
Received Prepare
Registering precompiled user dll's ...
Registered in 0.002182 seconds.
Begin MonoManager ReloadAssembly
Native extension for WindowsStandalone target not found
Refreshing native plugins compatible for Editor in 0.51 ms, found 0 plugins.
Preloading 0 native plugins for Editor in 0.00 ms.
Mono: successfully reloaded assembly
- Completed reload, in  1.221 seconds
Platform modules already initialized, skipping
Shader 'Universal Render Pipeline/Particles/Lit': fallback shader 'Universal Render Pipeline/Particles/SimpleLit' not found
Refreshing native plugins compatible for Editor in 0.51 ms, found 0 plugins.
Preloading 0 native plugins for Editor in 0.00 ms.
Unloading 2360 Unused Serialized files (Serialized files now loaded: 0)
System memory in use before: 192.1 MB.
System memory in use after: 190.0 MB.

Unloading 31 unused Assets to reduce memory usage. Loaded Objects now: 2889.
Total: 4.881600 ms (FindLiveObjects: 0.367200 ms CreateObjectMapping: 0.129200 ms MarkObjects: 2.833700 ms  DeleteObjects: 1.549300 ms)

========================================================================
Received Prepare
Shader 'Universal Render Pipeline/Particles/Lit': fallback shader 'Universal Render Pipeline/Particles/SimpleLit' not found
Refreshing native plugins compatible for Editor in 1.33 ms, found 0 plugins.
Preloading 0 native plugins for Editor in 0.00 ms.
Unloading 29 Unused Serialized files (Serialized files now loaded: 0)
System memory in use before: 146.1 MB.
System memory in use after: 144.0 MB.

Unloading 29 unused Assets to reduce memory usage. Loaded Objects now: 2889.
Total: 3.848700 ms (FindLiveObjects: 0.253300 ms CreateObjectMapping: 0.104300 ms MarkObjects: 2.003000 ms  DeleteObjects: 1.487000 ms)

========================================================================
Received Prepare
Registering precompiled user dll's ...
Registered in 0.001419 seconds.
Begin MonoManager ReloadAssembly
Native extension for WindowsStandalone target not found
Refreshing native plugins compatible for Editor in 0.51 ms, found 0 plugins.
Preloading 0 native plugins for Editor in 0.00 ms.
Mono: successfully reloaded assembly
- Completed reload, in  1.214 seconds
Platform modules already initialized, skipping
Shader 'Universal Render Pipeline/Particles/Lit': fallback shader 'Universal Render Pipeline/Particles/SimpleLit' not found
Refreshing native plugins compatible for Editor in 0.64 ms, found 0 plugins.
Preloading 0 native plugins for Editor in 0.00 ms.
Unloading 2360 Unused Serialized files (Serialized files now loaded: 0)
System memory in use before: 192.1 MB.
System memory in use after: 190.1 MB.

Unloading 31 unused Assets to reduce memory usage. Loaded Objects now: 2892.
Total: 4.224100 ms (FindLiveObjects: 0.240300 ms CreateObjectMapping: 0.104400 ms MarkObjects: 2.458500 ms  DeleteObjects: 1.419100 ms)

========================================================================
Received Import Request.
  Time since last request: 97.831600 seconds.
  path: Assets/Prefabs/Chest.prefab
  artifactKey: Guid(7803faf0f837697429a6519aa2ba05fd) Importer(815301076,1909f56bfc062723c751e8b465ee728b)
Start importing Assets/Prefabs/Chest.prefab using Guid(7803faf0f837697429a6519aa2ba05fd) Importer(815301076,1909f56bfc062723c751e8b465ee728b)  -> (artifact id: '5cd1fe09e37b4c8818cf798d24f3a2a3') in 0.426410 seconds
  Import took 0.450663 seconds .

========================================================================
Received Import Request.
  Time since last request: 33.860761 seconds.
  path: Assets/Prefabs/Player.prefab
  artifactKey: Guid(4fb9f3bce14eb6e498aa228ee83d8331) Importer(815301076,1909f56bfc062723c751e8b465ee728b)
Start importing Assets/Prefabs/Player.prefab using Guid(4fb9f3bce14eb6e498aa228ee83d8331) Importer(815301076,1909f56bfc062723c751e8b465ee728b)  -> (artifact id: '88f4f0099e81099bd480f4e209580951') in 0.078806 seconds
  Import took 0.087621 seconds .

========================================================================
Received Import Request.
  Time since last request: 18.852807 seconds.
  path: Assets/Prefabs/Player.prefab
  artifactKey: Guid(4fb9f3bce14eb6e498aa228ee83d8331) Importer(815301076,1909f56bfc062723c751e8b465ee728b)
Start importing Assets/Prefabs/Player.prefab using Guid(4fb9f3bce14eb6e498aa228ee83d8331) Importer(815301076,1909f56bfc062723c751e8b465ee728b)  -> (artifact id: '8b16ca405d1b626c98c6115153060c9e') in 0.028991 seconds
  Import took 0.053968 seconds .

========================================================================
Received Import Request.
  Time since last request: 4.527663 seconds.
  path: Assets/Prefabs/Player.prefab
  artifactKey: Guid(4fb9f3bce14eb6e498aa228ee83d8331) Importer(815301076,1909f56bfc062723c751e8b465ee728b)
Start importing Assets/Prefabs/Player.prefab using Guid(4fb9f3bce14eb6e498aa228ee83d8331) Importer(815301076,1909f56bfc062723c751e8b465ee728b)  -> (artifact id: 'cf5209d7c5e42fc19c0a8d3ad5b90255') in 0.029933 seconds
  Import took 0.058138 seconds .

========================================================================
Received Prepare
Registering precompiled user dll's ...
Registered in 0.001924 seconds.
Begin MonoManager ReloadAssembly
Native extension for WindowsStandalone target not found
Refreshing native plugins compatible for Editor in 0.52 ms, found 0 plugins.
Preloading 0 native plugins for Editor in 0.00 ms.
Mono: successfully reloaded assembly
- Completed reload, in  4.351 seconds
Platform modules already initialized, skipping
Shader 'Universal Render Pipeline/Particles/Lit': fallback shader 'Universal Render Pipeline/Particles/SimpleLit' not found
Refreshing native plugins compatible for Editor in 0.50 ms, found 0 plugins.
Preloading 0 native plugins for Editor in 0.00 ms.
Unloading 2360 Unused Serialized files (Serialized files now loaded: 0)
System memory in use before: 197.6 MB.
System memory in use after: 195.5 MB.

Unloading 32 unused Assets to reduce memory usage. Loaded Objects now: 2943.
Total: 3.884000 ms (FindLiveObjects: 0.257300 ms CreateObjectMapping: 0.109000 ms MarkObjects: 2.139100 ms  DeleteObjects: 1.376800 ms)

========================================================================
Received Prepare
Shader 'Universal Render Pipeline/Particles/Lit': fallback shader 'Universal Render Pipeline/Particles/SimpleLit' not found
Refreshing native plugins compatible for Editor in 1.35 ms, found 0 plugins.
Preloading 0 native plugins for Editor in 0.00 ms.
Unloading 29 Unused Serialized files (Serialized files now loaded: 0)
System memory in use before: 151.6 MB.
System memory in use after: 149.5 MB.

Unloading 29 unused Assets to reduce memory usage. Loaded Objects now: 2943.
Total: 4.706500 ms (FindLiveObjects: 0.278300 ms CreateObjectMapping: 0.109300 ms MarkObjects: 2.748100 ms  DeleteObjects: 1.569500 ms)

AssetImportWorkerClient::OnTransportError - code=2 error=End of file
